<?xml version="1.0" encoding="UTF-8"?>
<testsuite name="bbva.com.descarga_pdf_backend.DescargaPdfBackendApplicationTests" tests="1" skipped="0" failures="0" errors="0" timestamp="2024-10-15T02:00:59" hostname="LUISPC" time="1.03">
  <properties/>
  <testcase name="contextLoads()" classname="bbva.com.descarga_pdf_backend.DescargaPdfBackendApplicationTests" time="1.03"/>
  <system-out><![CDATA[21:00:57.230 [Test worker] INFO org.springframework.test.context.support.AnnotationConfigContextLoaderUtils -- Could not detect default configuration classes for test class [bbva.com.descarga_pdf_backend.DescargaPdfBackendApplicationTests]: DescargaPdfBackendApplicationTests does not declare any static, non-private, non-final, nested classes annotated with @Configuration.
21:00:57.339 [Test worker] INFO org.springframework.boot.test.context.SpringBootTestContextBootstrapper -- Found @SpringBootConfiguration bbva.com.descarga_pdf_backend.DescargaPdfBackendApplication for test class bbva.com.descarga_pdf_backend.DescargaPdfBackendApplicationTests

  .   ____          _            __ _ _
 /\\ / ___'_ __ _ _(_)_ __  __ _ \ \ \ \
( ( )\___ | '_ | '_| | '_ \/ _` | \ \ \ \
 \\/  ___)| |_)| | | | | || (_| |  ) ) ) )
  '  |____| .__|_| |_|_| |_\__, | / / / /
 =========|_|==============|___/=/_/_/_/

 :: Spring Boot ::                (v3.3.4)

2024-10-14T21:00:57.849-05:00  INFO 29736 --- [descarga-pdf-backend] [    Test worker] b.c.d.DescargaPdfBackendApplicationTests : Starting DescargaPdfBackendApplicationTests using Java 17.0.12 with PID 29736 (started by Percy in D:\WorkspaceIDEA\ProyectosBanco\decarga-pdf-app)
2024-10-14T21:00:57.849-05:00  INFO 29736 --- [descarga-pdf-backend] [    Test worker] b.c.d.DescargaPdfBackendApplicationTests : No active profile set, falling back to 1 default profile: "default"
2024-10-14T21:00:59.140-05:00  INFO 29736 --- [descarga-pdf-backend] [    Test worker] b.c.d.DescargaPdfBackendApplicationTests : Started DescargaPdfBackendApplicationTests in 1.583 seconds (process running for 2.848)
]]></system-out>
  <system-err><![CDATA[]]></system-err>
</testsuite>
