<?xml version="1.0" encoding="UTF-8"?>
<testsuite name="bbva.com.descarga_pdf_backend.DescargaPdfBackendApplicationTests" tests="1" skipped="0" failures="0" errors="0" timestamp="2024-10-13T17:16:40" hostname="LUISPC" time="0.863">
  <properties/>
  <testcase name="contextLoads()" classname="bbva.com.descarga_pdf_backend.DescargaPdfBackendApplicationTests" time="0.863"/>
  <system-out><![CDATA[12:16:39.393 [Test worker] INFO org.springframework.test.context.support.AnnotationConfigContextLoaderUtils -- Could not detect default configuration classes for test class [bbva.com.descarga_pdf_backend.DescargaPdfBackendApplicationTests]: DescargaPdfBackendApplicationTests does not declare any static, non-private, non-final, nested classes annotated with @Configuration.
12:16:39.495 [Test worker] INFO org.springframework.boot.test.context.SpringBootTestContextBootstrapper -- Found @SpringBootConfiguration bbva.com.descarga_pdf_backend.DescargaPdfBackendApplication for test class bbva.com.descarga_pdf_backend.DescargaPdfBackendApplicationTests

  .   ____          _            __ _ _
 /\\ / ___'_ __ _ _(_)_ __  __ _ \ \ \ \
( ( )\___ | '_ | '_| | '_ \/ _` | \ \ \ \
 \\/  ___)| |_)| | | | | || (_| |  ) ) ) )
  '  |____| .__|_| |_|_| |_\__, | / / / /
 =========|_|==============|___/=/_/_/_/

 :: Spring Boot ::                (v3.3.4)

2024-10-13T12:16:39.912-05:00  INFO 8496 --- [descarga-pdf-backend] [    Test worker] b.c.d.DescargaPdfBackendApplicationTests : Starting DescargaPdfBackendApplicationTests using Java 17.0.12 with PID 8496 (started by Percy in D:\WorkspaceIDEA\ProyectosBanco\descarga-pdf-backend)
2024-10-13T12:16:39.913-05:00  INFO 8496 --- [descarga-pdf-backend] [    Test worker] b.c.d.DescargaPdfBackendApplicationTests : No active profile set, falling back to 1 default profile: "default"
2024-10-13T12:16:40.447-05:00  INFO 8496 --- [descarga-pdf-backend] [    Test worker] b.c.d.DescargaPdfBackendApplicationTests : Started DescargaPdfBackendApplicationTests in 0.791 seconds (process running for 1.861)
]]></system-out>
  <system-err><![CDATA[]]></system-err>
</testsuite>
